0 info it worked if it ends with ok
1 verbose cli [ '/usr/bin/node',
1 verbose cli   '/usr/bin/npm',
1 verbose cli   'install',
1 verbose cli   '-g',
1 verbose cli   'firebase-tools' ]
2 info using npm@1.4.28
3 info using node@v0.10.32
4 verbose node symlink /usr/bin/node
5 verbose cache add [ 'firebase-tools', null ]
6 verbose cache add name=undefined spec="firebase-tools" args=["firebase-tools",null]
7 verbose parsed url { protocol: null,
7 verbose parsed url   slashes: null,
7 verbose parsed url   auth: null,
7 verbose parsed url   host: null,
7 verbose parsed url   port: null,
7 verbose parsed url   hostname: null,
7 verbose parsed url   hash: null,
7 verbose parsed url   search: null,
7 verbose parsed url   query: null,
7 verbose parsed url   pathname: 'firebase-tools',
7 verbose parsed url   path: 'firebase-tools',
7 verbose parsed url   href: 'firebase-tools' }
8 silly lockFile 3fa4b23e-firebase-tools firebase-tools
9 verbose lock firebase-tools /home/rickmurt/.npm/3fa4b23e-firebase-tools.lock
10 silly lockFile 3fa4b23e-firebase-tools firebase-tools
11 silly lockFile 3fa4b23e-firebase-tools firebase-tools
12 verbose addNamed [ 'firebase-tools', '' ]
13 verbose addNamed [ null, '*' ]
14 silly lockFile 59c4bcc4-firebase-tools firebase-tools@
15 verbose lock firebase-tools@ /home/rickmurt/.npm/59c4bcc4-firebase-tools.lock
16 silly addNameRange { name: 'firebase-tools', range: '*', hasData: false }
17 verbose request where is /firebase-tools
18 verbose request registry https://registry.npmjs.org/
19 verbose request id 15d1631a9de06c43
20 verbose url raw /firebase-tools
21 verbose url resolving [ 'https://registry.npmjs.org/', './firebase-tools' ]
22 verbose url resolved https://registry.npmjs.org/firebase-tools
23 verbose request where is https://registry.npmjs.org/firebase-tools
24 info trying registry request attempt 1 at 17:13:13
25 http GET https://registry.npmjs.org/firebase-tools
26 http 200 https://registry.npmjs.org/firebase-tools
27 silly registry.get cb [ 200,
27 silly registry.get   { date: 'Tue, 21 Oct 2014 00:13:19 GMT',
27 silly registry.get     server: 'CouchDB/1.5.0 (Erlang OTP/R16B03)',
27 silly registry.get     etag: '"3CI2BGBCIG3H3J48W6FXOYWK4"',
27 silly registry.get     'content-type': 'application/json',
27 silly registry.get     'cache-control': 'max-age=60',
27 silly registry.get     'content-length': '35356',
27 silly registry.get     'accept-ranges': 'bytes',
27 silly registry.get     via: '1.1 varnish',
27 silly registry.get     age: '0',
27 silly registry.get     'x-served-by': 'cache-lax1422-LAX',
27 silly registry.get     'x-cache': 'MISS',
27 silly registry.get     'x-cache-hits': '0',
27 silly registry.get     'x-timer': 'S1413850399.041358,VS0,VE625',
27 silly registry.get     vary: 'Accept',
27 silly registry.get     'keep-alive': 'timeout=10, max=50',
27 silly registry.get     connection: 'Keep-Alive' } ]
28 silly addNameRange number 2 { name: 'firebase-tools', range: '*', hasData: true }
29 silly addNameRange versions [ 'firebase-tools',
29 silly addNameRange   [ '0.0.1',
29 silly addNameRange     '0.0.2',
29 silly addNameRange     '0.0.3',
29 silly addNameRange     '0.0.4',
29 silly addNameRange     '0.0.5',
29 silly addNameRange     '0.0.6',
29 silly addNameRange     '0.1.0',
29 silly addNameRange     '0.1.1',
29 silly addNameRange     '0.1.2',
29 silly addNameRange     '0.1.3',
29 silly addNameRange     '0.1.4',
29 silly addNameRange     '0.1.5',
29 silly addNameRange     '0.1.6',
29 silly addNameRange     '0.2.0',
29 silly addNameRange     '0.3.0',
29 silly addNameRange     '0.4.0',
29 silly addNameRange     '0.5.0',
29 silly addNameRange     '1.0.0',
29 silly addNameRange     '1.0.1',
29 silly addNameRange     '1.0.2',
29 silly addNameRange     '1.0.3',
29 silly addNameRange     '1.0.4',
29 silly addNameRange     '1.0.5',
29 silly addNameRange     '1.0.6',
29 silly addNameRange     '1.1.0',
29 silly addNameRange     '1.1.1',
29 silly addNameRange     '1.1.2' ] ]
30 verbose addNamed [ 'firebase-tools', '1.1.2' ]
31 verbose addNamed [ '1.1.2', '1.1.2' ]
32 silly lockFile 7fc99558-firebase-tools-1-1-2 firebase-tools@1.1.2
33 verbose lock firebase-tools@1.1.2 /home/rickmurt/.npm/7fc99558-firebase-tools-1-1-2.lock
34 silly lockFile f4ccda34-e-tools-firebase-tools-1-1-2-tgz https://registry.npmjs.org/firebase-tools/-/firebase-tools-1.1.2.tgz
35 verbose lock https://registry.npmjs.org/firebase-tools/-/firebase-tools-1.1.2.tgz /home/rickmurt/.npm/f4ccda34-e-tools-firebase-tools-1-1-2-tgz.lock
36 verbose addRemoteTarball [ 'https://registry.npmjs.org/firebase-tools/-/firebase-tools-1.1.2.tgz',
36 verbose addRemoteTarball   'c7fb6d296995735a009ee7aa2e955a7c889f0344' ]
37 info retry fetch attempt 1 at 17:13:14
38 verbose fetch to= /tmp/npm-12246--We3TvTQ/registry.npmjs.org/firebase-tools/-/firebase-tools-1.1.2.tgz
39 http GET https://registry.npmjs.org/firebase-tools/-/firebase-tools-1.1.2.tgz
40 http 200 https://registry.npmjs.org/firebase-tools/-/firebase-tools-1.1.2.tgz
41 silly lockFile f4ccda34-e-tools-firebase-tools-1-1-2-tgz https://registry.npmjs.org/firebase-tools/-/firebase-tools-1.1.2.tgz
42 silly lockFile f4ccda34-e-tools-firebase-tools-1-1-2-tgz https://registry.npmjs.org/firebase-tools/-/firebase-tools-1.1.2.tgz
43 silly lockFile 7fc99558-firebase-tools-1-1-2 firebase-tools@1.1.2
44 silly lockFile 7fc99558-firebase-tools-1-1-2 firebase-tools@1.1.2
45 silly lockFile 59c4bcc4-firebase-tools firebase-tools@
46 silly lockFile 59c4bcc4-firebase-tools firebase-tools@
47 silly resolved [ { name: 'firebase-tools',
47 silly resolved     preferGlobal: true,
47 silly resolved     version: '1.1.2',
47 silly resolved     description: 'The Firebase Command Line Tools',
47 silly resolved     keywords:
47 silly resolved      [ 'firebase',
47 silly resolved        'hosting',
47 silly resolved        'ssl',
47 silly resolved        'cdn',
47 silly resolved        'cli',
47 silly resolved        'synchronization',
47 silly resolved        'real-time',
47 silly resolved        'websockets',
47 silly resolved        'cloud' ],
47 silly resolved     author: { name: 'Firebase', email: 'support@firebase.com' },
47 silly resolved     contributors: [ [Object], [Object], [Object] ],
47 silly resolved     repository:
47 silly resolved      { type: 'git',
47 silly resolved        url: 'https://github.com/firebase/firebase-tools.git' },
47 silly resolved     homepage: 'https://github.com/firebase/firebase-tools',
47 silly resolved     dependencies:
47 silly resolved      { optimist: '0.6.x',
47 silly resolved        prompt: '0.2.x',
47 silly resolved        tar: '0.1.x',
47 silly resolved        open: '0.0.x',
47 silly resolved        request: '2.34.x',
47 silly resolved        'fstream-ignore': '0.0.x',
47 silly resolved        temp: '0.6.x',
47 silly resolved        firebase: '~1.0.11',
47 silly resolved        progress: '~1.1.5',
47 silly resolved        when: '3.1.0',
47 silly resolved        chalk: '~0.4.0' },
47 silly resolved     bin: { firebase: './bin/firebase' },
47 silly resolved     engines: { node: '>=0.10.0' },
47 silly resolved     engineStrict: true,
47 silly resolved     bugs: { url: 'https://github.com/firebase/firebase-tools/issues' },
47 silly resolved     _id: 'firebase-tools@1.1.2',
47 silly resolved     _shasum: 'c7fb6d296995735a009ee7aa2e955a7c889f0344',
47 silly resolved     _from: 'firebase-tools@',
47 silly resolved     _npmVersion: '1.4.9',
47 silly resolved     _npmUser: { name: 'firebase', email: 'operations@firebase.com' },
47 silly resolved     maintainers: [ [Object] ],
47 silly resolved     dist:
47 silly resolved      { shasum: 'c7fb6d296995735a009ee7aa2e955a7c889f0344',
47 silly resolved        tarball: 'http://registry.npmjs.org/firebase-tools/-/firebase-tools-1.1.2.tgz' },
47 silly resolved     directories: {},
47 silly resolved     _resolved: 'https://registry.npmjs.org/firebase-tools/-/firebase-tools-1.1.2.tgz' } ]
48 info install firebase-tools@1.1.2 into /usr/lib
49 info installOne firebase-tools@1.1.2
50 verbose lib/node_modules/firebase-tools unbuild
51 verbose tar unpack /home/rickmurt/.npm/firebase-tools/1.1.2/package.tgz
52 silly lockFile b354667f--lib-node-modules-firebase-tools tar:///usr/lib/node_modules/firebase-tools
53 verbose lock tar:///usr/lib/node_modules/firebase-tools /home/rickmurt/.npm/b354667f--lib-node-modules-firebase-tools.lock
54 silly lockFile fd3eea5d-firebase-tools-1-1-2-package-tgz tar:///home/rickmurt/.npm/firebase-tools/1.1.2/package.tgz
55 verbose lock tar:///home/rickmurt/.npm/firebase-tools/1.1.2/package.tgz /home/rickmurt/.npm/fd3eea5d-firebase-tools-1-1-2-package-tgz.lock
56 silly gunzTarPerm modes [ '775', '664' ]
57 error Error: EACCES, mkdir '/usr/lib/node_modules/firebase-tools'
57 error  { [Error: EACCES, mkdir '/usr/lib/node_modules/firebase-tools']
57 error   errno: 3,
57 error   code: 'EACCES',
57 error   path: '/usr/lib/node_modules/firebase-tools',
57 error   fstream_type: 'Directory',
57 error   fstream_path: '/usr/lib/node_modules/firebase-tools',
57 error   fstream_class: 'DirWriter',
57 error   fstream_stack:
57 error    [ '/usr/lib/node_modules/npm/node_modules/fstream/lib/dir-writer.js:36:23',
57 error      '/usr/lib/node_modules/npm/node_modules/mkdirp/index.js:46:53',
57 error      'Object.oncomplete (fs.js:107:15)' ] }
58 error Please try running this command again as root/Administrator.
59 error System Linux 3.2.0-70-generic
60 error command "/usr/bin/node" "/usr/bin/npm" "install" "-g" "firebase-tools"
61 error cwd /var/www/ang-news
62 error node -v v0.10.32
63 error npm -v 1.4.28
64 error path /usr/lib/node_modules/firebase-tools
65 error fstream_path /usr/lib/node_modules/firebase-tools
66 error fstream_type Directory
67 error fstream_class DirWriter
68 error code EACCES
69 error errno 3
70 error stack Error: EACCES, mkdir '/usr/lib/node_modules/firebase-tools'
71 error fstream_stack /usr/lib/node_modules/npm/node_modules/fstream/lib/dir-writer.js:36:23
71 error fstream_stack /usr/lib/node_modules/npm/node_modules/mkdirp/index.js:46:53
71 error fstream_stack Object.oncomplete (fs.js:107:15)
72 verbose exit [ 3, true ]
